<?xml version="1.0" encoding="UTF-8"?>
<testng-results ignored="0" total="1" passed="1" failed="0" skipped="0">
  <reporter-output>
  </reporter-output>
  <suite started-at="2024-11-08T10:59:16 IST" name="Default suite" finished-at="2024-11-08T10:59:25 IST" duration-ms="8983">
    <groups>
    </groups>
    <test started-at="2024-11-08T10:59:16 IST" name="Default test" finished-at="2024-11-08T10:59:25 IST" duration-ms="8983">
      <class name="test.Wonderla_test">
        <test-method is-config="true" signature="setup()[pri:0, instance:test.Wonderla_test@40005471]" started-at="2024-11-08T10:59:16 IST" name="setup" finished-at="2024-11-08T10:59:20 IST" duration-ms="4394" status="PASS">
          <reporter-output>
          </reporter-output>
        </test-method> <!-- setup -->
        <test-method is-config="true" signature="url()[pri:0, instance:test.Wonderla_test@40005471]" started-at="2024-11-08T10:59:21 IST" name="url" finished-at="2024-11-08T10:59:25 IST" duration-ms="4397" status="PASS">
          <reporter-output>
          </reporter-output>
        </test-method> <!-- url -->
        <test-method signature="testt()[pri:0, instance:test.Wonderla_test@40005471]" started-at="2024-11-08T10:59:25 IST" name="testt" finished-at="2024-11-08T10:59:25 IST" duration-ms="45" status="PASS">
          <reporter-output>
          </reporter-output>
        </test-method> <!-- testt -->
      </class> <!-- test.Wonderla_test -->
    </test> <!-- Default test -->
  </suite> <!-- Default suite -->
</testng-results>
